loading data/id_attrib_dict_1...
loading data/id_attrib_dict_2...
loading data/id_attrib_dict_3...
loading data/id_attrib_dict_4...
loading data/id_attrib_dict_5...
loading data/id_attrib_dict_6...
loading data/id_attrib_dict_7...
loading data/id_attrib_dict_8...
loading data/id_attrib_dict_9...
loading data/id_attrib_dict_10...
Unsorted ['Scale parameter', 'Real number', 'Support (mathematics)', 'Probability density function', 'Cumulative distribution function', 'Expected value', 'Median', 'Mode (statistics)', 'Variance', 'Skewness', 'Kurtosis', 'Information entropy', 'Moment-generating function', 'Characteristic function', 'Probability theory', 'Statistics', 'Probability distribution', 'Random variable', 'Multiplicative inverse', 'Notation', 'Poisson process', 'Geometric distribution', 'Bernoulli trial', 'Geiger counter', 'Meteor', 'Extinction event', 'Mutation', 'DNA', 'Queueing theory', 'Gamma distribution', 'Reliability theory', 'Reliability engineering', 'Failure rate', 'Physics', 'Gas', 'Temperature', 'Pressure', 'Gravity', 'Standard deviation', 'Memorylessness', 'Conditional probability', 'Statistical independence', 'Quartile', 'Maximum entropy probability distribution', 'Likelihood function', 'Independent identically-distributed random variables', 'Maximum likelihood', 'Conjugate prior', 'Posterior probability', 'Uniform distribution', 'Random number generator', 'Weibull distribution', 'Rayleigh distribution', 'Fisher-Tippett distribution', 'Laplace distribution', 'Uniform distribution (continuous)', 'Chi-square distribution', 'Degrees of freedom']
Document 1 not found Information entropy
Document 1 not found Poisson process
Document 1 not found Meteor
Document 1 not found Reliability theory
Document 1 not found Statistical independence
Document 1 not found Independent identically-distributed random variables
Document 1 not found Maximum likelihood
Document 1 not found Uniform distribution
Document 1 not found Random number generator
Document 1 not found Fisher-Tippett distribution
Document 1 not found Chi-square distribution
Sorted ['Uniform distribution', 'Probability theory', 'Characteristic function', 'Independent identically-distributed random variables', 'Degrees of freedom', 'Expected value', 'Random variable', 'Fisher-Tippett distribution', 'Probability distribution', 'Cumulative distribution function', 'Bernoulli trial', 'Quartile', 'Statistics', 'Gamma distribution', 'Rayleigh distribution', 'Moment-generating function', 'Scale parameter', 'Skewness', 'Support (mathematics)', 'Variance', 'Likelihood function', 'Mode (statistics)', 'Probability density function', 'Laplace distribution', 'Memorylessness', 'Uniform distribution (continuous)', 'Standard deviation', 'Conditional probability', 'Multiplicative inverse', 'Median', 'Maximum entropy probability distribution', 'Weibull distribution', 'Posterior probability', 'Kurtosis', 'Reliability theory', 'Geometric distribution', 'Real number', 'Conjugate prior', 'Chi-square distribution', 'Queueing theory', 'Gravity', 'Failure rate', 'Reliability engineering', 'Physics', 'Temperature', 'Statistical independence', 'Maximum likelihood', 'Notation', 'Information entropy', 'Random number generator', 'Mutation', 'Poisson process', 'Gas', 'Extinction event', 'Pressure', 'Geiger counter', 'Meteor', 'DNA']
Exponential distribution --> Probability theory
Total checked: 2
