loading data/id_attrib_dict_1...
loading data/id_attrib_dict_2...
loading data/id_attrib_dict_3...
loading data/id_attrib_dict_4...
loading data/id_attrib_dict_5...
loading data/id_attrib_dict_6...
loading data/id_attrib_dict_7...
loading data/id_attrib_dict_8...
loading data/id_attrib_dict_9...
loading data/id_attrib_dict_10...
Jesus Volkswagen
Jesus --> The 100 --> Internal combustion engine --> Volkswagen
Total checked: 171
Toothpaste William Shakespeare
Toothpaste --> 1800s --> United Kingdom --> William Shakespeare
Total checked: 217
Puppy Racism
Puppy --> Puppy (album) --> United Kingdom --> Charles Darwin --> Racism
Total checked: 363
Pants Shirt
Pants --> Clothing --> Shirt
Total checked: 19
Elmo Teletubbies
Elmo --> The Furry Arms --> Children's television series --> Teletubbies
Total checked: 378
Apple pie Rock (geology)
Apple pie --> Atlantic Ocean --> Sedimentary rock --> Rock (geology)
Total checked: 225
Here There
Here --> Old English language --> Cleric --> Player character --> Avatar (virtual reality) --> There
Total checked: 14309
Oboe Veto
Oboe --> 1800 --> Parliament --> Veto
Total checked: 221
Satyr Wombat
Satyr --> Hare --> Cape Hare --> Australia --> Wombat
Total checked: 1151
Locust Bicycle
Locust --> Mining --> Transport --> Bicycle
Total checked: 113
