Getting WikiCorpus
Building vocab
10000 time 62.26712989807129
20000 time 54.194092750549316
30000 time 45.650474071502686
40000 time 41.8178768157959
50000 time 32.45059370994568
60000 time 18.565561056137085
70000 time 16.093749284744263
80000 time 15.478487730026245
90000 time 34.39085245132446
100000 time 37.86490249633789
110000 time 35.25340461730957
120000 time 33.59826111793518
130000 time 32.30207657814026
140000 time 34.67962646484375
150000 time 30.74566388130188
160000 time 33.34262561798096
170000 time 29.713706493377686
180000 time 29.589064598083496
190000 time 26.559207916259766
200000 time 26.95854663848877
210000 time 28.228306770324707
220000 time 27.69774055480957
230000 time 26.293307304382324
240000 time 25.89234709739685
250000 time 27.292409896850586
260000 time 28.706446409225464
270000 time 27.94942617416382
280000 time 28.964691877365112
290000 time 24.13508439064026
300000 time 23.88838267326355
310000 time 24.026766300201416
320000 time 24.901644706726074
330000 time 23.50274658203125
340000 time 22.5866060256958
350000 time 23.828449726104736
360000 time 22.596322536468506
370000 time 21.206934928894043
380000 time 22.574814796447754
390000 time 24.262877464294434
400000 time 21.526976346969604
410000 time 22.330612182617188
420000 time 22.601678371429443
430000 time 21.573803663253784
440000 time 22.726269721984863
450000 time 21.98511004447937
460000 time 21.486363649368286
470000 time 21.609575748443604
480000 time 21.41881775856018
490000 time 21.020177602767944
500000 time 20.9542715549469
510000 time 21.985628604888916
520000 time 23.019582509994507
530000 time 21.19177746772766
540000 time 21.138792514801025
550000 time 20.121976137161255
560000 time 20.490324020385742
570000 time 19.966041326522827
580000 time 19.507288694381714
590000 time 19.845096826553345
600000 time 20.248344898223877
610000 time 19.458423614501953
620000 time 19.996688842773438
630000 time 19.041202545166016
640000 time 19.183385848999023
650000 time 20.686697483062744
660000 time 18.97747015953064
670000 time 17.376851558685303
680000 time 17.813934564590454
690000 time 18.56806254386902
700000 time 17.72884440422058
710000 time 19.47202706336975
720000 time 18.78360939025879
730000 time 18.55075240135193
740000 time 20.780813694000244
750000 time 19.8051335811615
760000 time 19.20082378387451
770000 time 18.069658756256104
780000 time 19.389486074447632
790000 time 17.85755705833435
800000 time 18.30570912361145
810000 time 18.24386763572693
820000 time 19.1809401512146
830000 time 18.872835397720337
840000 time 18.11898708343506
850000 time 17.796993255615234
860000 time 18.156942129135132
870000 time 18.088841676712036
880000 time 17.668079137802124
890000 time 17.4039888381958
900000 time 18.37778115272522
910000 time 18.31776213645935
920000 time 17.837719917297363
930000 time 18.58327555656433
940000 time 17.215384006500244
950000 time 19.445087671279907
960000 time 18.624351501464844
970000 time 17.2397141456604
980000 time 17.378007173538208
990000 time 18.3130304813385
1000000 time 17.54175043106079
1010000 time 18.39848256111145
1020000 time 16.075655698776245
1030000 time 16.218006134033203
1040000 time 16.25458264350891
1050000 time 18.796597242355347
1060000 time 17.50280261039734
1070000 time 16.59037947654724
1080000 time 16.360177516937256
1090000 time 16.505960941314697
1100000 time 17.249124765396118
1110000 time 15.539265632629395
1120000 time 16.246317863464355
1130000 time 15.62306523323059
1140000 time 15.151778221130371
1150000 time 16.89204740524292
1160000 time 17.05583429336548
1170000 time 15.883017301559448
1180000 time 19.167806386947632
1190000 time 16.126042127609253
1200000 time 16.583632469177246
1210000 time 16.792012691497803
1220000 time 16.491086721420288
1230000 time 16.138840675354004
1240000 time 15.643226146697998
1250000 time 18.073005437850952
1260000 time 17.100138902664185
1270000 time 17.042497634887695
1280000 time 17.385459661483765
1290000 time 16.8809974193573
1300000 time 17.065064668655396
1310000 time 17.188143968582153
1320000 time 18.99695372581482
1330000 time 17.55880069732666
1340000 time 17.167137145996094
1350000 time 16.258121490478516
1360000 time 16.41100549697876
1370000 time 16.739654541015625
1380000 time 16.819132089614868
1390000 time 16.485546827316284
1400000 time 17.553220987319946
1410000 time 18.211170196533203
1420000 time 16.70946192741394
1430000 time 16.6708881855011
1440000 time 16.959231853485107
1450000 time 16.868692874908447
1460000 time 16.969111442565918
1470000 time 17.827449798583984
1480000 time 17.980740547180176
1490000 time 17.73411750793457
1500000 time 17.211783409118652
1510000 time 17.060697317123413
1520000 time 16.623461723327637
1530000 time 14.278058290481567
1540000 time 18.151270389556885
1550000 time 17.32467746734619
1560000 time 16.53599739074707
1570000 time 16.938738346099854
1580000 time 16.269187688827515
1590000 time 15.316177606582642
1600000 time 12.645418405532837
1610000 time 15.12468695640564
1620000 time 15.790039300918579
1630000 time 15.9197096824646
1640000 time 15.774930715560913
1650000 time 17.49755334854126
1660000 time 17.374494314193726
1670000 time 19.369033813476562
1680000 time 15.872344493865967
1690000 time 16.722227334976196
1700000 time 18.2009859085083
1710000 time 15.994314432144165
1720000 time 16.652727603912354
1730000 time 17.71574091911316
1740000 time 16.783406734466553
1750000 time 19.19547724723816
1760000 time 18.79833436012268
1770000 time 15.867598533630371
1780000 time 16.415968418121338
1790000 time 16.428828716278076
1800000 time 18.791601419448853
1810000 time 16.99547266960144
1820000 time 16.933501482009888
1830000 time 18.34979772567749
1840000 time 18.064544677734375
1850000 time 17.493878841400146
1860000 time 18.292999982833862
1870000 time 17.131487369537354
1880000 time 18.31694531440735
1890000 time 21.36758303642273
1900000 time 23.528589725494385
1910000 time 18.14538836479187
1920000 time 16.3684184551239
1930000 time 17.245656728744507
1940000 time 16.341084718704224
1950000 time 16.49019455909729
1960000 time 16.38158130645752
1970000 time 16.265226125717163
1980000 time 16.968235969543457
1990000 time 17.035722494125366
2000000 time 16.378774404525757
2010000 time 18.901552438735962
2020000 time 17.555362939834595
2030000 time 15.424801349639893
2040000 time 19.104010343551636
2050000 time 14.785038948059082
2060000 time 16.955378532409668
2070000 time 22.92105531692505
2080000 time 18.713887691497803
2090000 time 19.62116551399231
2100000 time 17.817283868789673
2110000 time 19.17946743965149
2120000 time 20.872809648513794
2130000 time 18.481449604034424
2140000 time 16.454225778579712
2150000 time 16.51496148109436
2160000 time 16.120275020599365
2170000 time 17.020307540893555
2180000 time 17.980772972106934
2190000 time 17.150758504867554
2200000 time 19.057228565216064
2210000 time 18.348894119262695
2220000 time 16.982330799102783
2230000 time 17.849528551101685
2240000 time 16.024134397506714
2250000 time 13.778980255126953
2260000 time 15.876851320266724
2270000 time 13.995763778686523
2280000 time 14.197230815887451
2290000 time 16.373661756515503
2300000 time 18.751871347427368
2310000 time 17.29524827003479
2320000 time 17.5815486907959
2330000 time 18.66442894935608
2340000 time 16.31411051750183
2350000 time 17.313287496566772
2360000 time 19.713351726531982
2370000 time 20.75032329559326
2380000 time 23.130181074142456
2390000 time 18.144572496414185
2400000 time 16.476927995681763
2410000 time 17.948283672332764
2420000 time 17.845752239227295
2430000 time 16.591551542282104
2440000 time 14.698445558547974
2450000 time 18.875419855117798
2460000 time 18.225069522857666
2470000 time 17.61606740951538
2480000 time 16.66179394721985
2490000 time 16.985663414001465
2500000 time 17.361652612686157
2510000 time 17.331451416015625
2520000 time 20.09613871574402
2530000 time 16.327031135559082
2540000 time 17.426475524902344
2550000 time 19.956178426742554
2560000 time 17.63181972503662
2570000 time 16.287343978881836
2580000 time 16.52328085899353
2590000 time 16.869423866271973
2600000 time 18.11800479888916
2610000 time 17.37920570373535
2620000 time 17.16759991645813
2630000 time 15.395183801651001
2640000 time 17.59711790084839
2650000 time 18.03725004196167
2660000 time 18.522202014923096
2670000 time 20.715925455093384
2680000 time 20.10430383682251
2690000 time 18.613795280456543
2700000 time 18.262240886688232
2710000 time 17.1900851726532
2720000 time 16.56795644760132
2730000 time 16.39429998397827
2740000 time 20.9585919380188
2750000 time 21.822669506072998
2760000 time 18.441680192947388
2770000 time 18.22838568687439
2780000 time 16.81408929824829
2790000 time 16.845178842544556
2800000 time 15.021272897720337
2810000 time 12.90623688697815
2820000 time 17.650694847106934
2830000 time 25.036510705947876
2840000 time 18.30989933013916
2850000 time 18.81249761581421
2860000 time 19.96115803718567
2870000 time 18.046661138534546
2880000 time 17.74703311920166
2890000 time 19.969501733779907
2900000 time 18.14335560798645
2910000 time 17.236546993255615
2920000 time 19.65362787246704
2930000 time 18.31178641319275
2940000 time 18.516075134277344
2950000 time 18.18247890472412
2960000 time 19.245595932006836
2970000 time 20.124529123306274
2980000 time 19.067734956741333
2990000 time 18.13617515563965
3000000 time 20.858168125152588
3010000 time 17.445960521697998
3020000 time 19.05763554573059
3030000 time 17.479516983032227
3040000 time 19.056371450424194
3050000 time 19.864502668380737
3060000 time 18.41454243659973
3070000 time 18.109132766723633
3080000 time 18.54464840888977
3090000 time 17.960190057754517
3100000 time 19.1343412399292
3110000 time 18.746540784835815
3120000 time 17.334383487701416
3130000 time 18.424554586410522
3140000 time 19.97356677055359
3150000 time 20.025078058242798
3160000 time 18.17932391166687
3170000 time 19.245678901672363
3180000 time 18.641026735305786
3190000 time 18.10283350944519
3200000 time 19.600601196289062
3210000 time 18.788251161575317
3220000 time 21.027119159698486
3230000 time 19.644912481307983
3240000 time 18.429976224899292
3250000 time 18.57529091835022
3260000 time 18.318593502044678
3270000 time 19.317795753479004
3280000 time 19.524796724319458
3290000 time 19.793870210647583
3300000 time 20.41000533103943
3310000 time 20.16561722755432
3320000 time 18.801743984222412
3330000 time 20.735733032226562
3340000 time 19.008402109146118
3350000 time 22.649520874023438
3360000 time 19.484930992126465
3370000 time 19.72258496284485
3380000 time 20.68260431289673
3390000 time 23.57694435119629
3400000 time 19.637675046920776
3410000 time 19.61684274673462
3420000 time 18.997504234313965
3430000 time 20.425158262252808
3440000 time 20.24653720855713
3450000 time 20.73979091644287
3460000 time 25.640918970108032
3470000 time 18.716498851776123
3480000 time 18.832915782928467
3490000 time 18.6017963886261
3500000 time 19.425467252731323
3510000 time 19.063006162643433
3520000 time 18.740421056747437
3530000 time 18.42154860496521
3540000 time 18.6719012260437
3550000 time 19.174240589141846
3560000 time 20.081385135650635
3570000 time 19.34136700630188
3580000 time 18.33888077735901
3590000 time 18.320634126663208
3600000 time 18.55727529525757
3610000 time 17.594663619995117
3620000 time 18.220978498458862
3630000 time 18.56635022163391
3640000 time 19.074913024902344
3650000 time 19.892157554626465
3660000 time 19.37979507446289
3670000 time 17.700809240341187
3680000 time 18.395828247070312
3690000 time 18.151453733444214
3700000 time 17.960886478424072
3710000 time 19.491125345230103
3720000 time 21.961137294769287
3730000 time 16.795469045639038
3740000 time 16.83420419692993
3750000 time 17.870309591293335
3760000 time 18.393200397491455
3770000 time 18.92041277885437
3780000 time 19.528206825256348
3790000 time 19.31712245941162
3800000 time 18.831353425979614
3810000 time 18.199707746505737
3820000 time 17.730623245239258
3830000 time 17.73154044151306
3840000 time 19.135003328323364
3850000 time 18.57694721221924
3860000 time 18.42757534980774
3870000 time 19.564459085464478
3880000 time 19.81141495704651
3890000 time 21.582760095596313
3900000 time 17.786120653152466
3910000 time 17.2927508354187
3920000 time 16.8221914768219
3930000 time 16.525090217590332
3940000 time 16.66360831260681
3950000 time 18.22645616531372
3960000 time 18.70005464553833
3970000 time 18.448301315307617
3980000 time 18.11757230758667
3990000 time 17.10498595237732
4000000 time 17.63660478591919
4010000 time 21.187367916107178
4020000 time 18.508015394210815
4030000 time 18.42926788330078
4040000 time 18.28415012359619
4050000 time 19.652215003967285
4060000 time 21.84150743484497
4070000 time 17.61915898323059
4080000 time 19.720982551574707
4090000 time 15.374333381652832
4100000 time 17.542059421539307
4110000 time 20.549451112747192
4120000 time 20.383368015289307
4130000 time 16.93032217025757
4140000 time 16.62205147743225
4150000 time 18.58182668685913
4160000 time 17.08746337890625
4170000 time 17.545778512954712
4180000 time 19.6677086353302
4190000 time 19.672751665115356
4200000 time 20.34731388092041
4210000 time 18.199922561645508
4220000 time 17.663593530654907
4230000 time 18.741315841674805
4240000 time 19.884088039398193
4250000 time 18.742133378982544
4260000 time 19.429013967514038
4270000 time 19.088003396987915
4280000 time 18.903387546539307
4290000 time 17.503648042678833
4300000 time 18.707330465316772
4310000 time 20.249869346618652
4320000 time 20.026501178741455
4330000 time 17.747654676437378
4340000 time 20.198534965515137
4350000 time 19.732617616653442
4360000 time 20.152626752853394
4370000 time 23.85726046562195
4380000 time 23.816765308380127
4390000 time 18.3682918548584
4400000 time 17.536736249923706
4410000 time 21.032074689865112
4420000 time 20.292779445648193
4430000 time 17.998428106307983
4440000 time 18.10159969329834
4450000 time 18.651211738586426
4460000 time 18.0257887840271
4470000 time 18.64693570137024
4480000 time 19.560462951660156
4490000 time 20.329088926315308
4500000 time 23.025875091552734
4510000 time 21.043378353118896
4520000 time 19.729230642318726
4530000 time 19.318225145339966
4540000 time 18.502138137817383
4550000 time 18.89226269721985
4560000 time 22.321847200393677
4570000 time 19.058007955551147
4580000 time 21.128339052200317
4590000 time 24.948045015335083
4600000 time 21.054112195968628
4610000 time 19.346434354782104
4620000 time 20.013240337371826
4630000 time 17.314515590667725
4640000 time 17.506147861480713
Finished counter at 4642915
Training model
10000 time 145.37522411346436
20000 time 126.77779912948608
30000 time 103.04166412353516
40000 time 92.3609893321991
50000 time 67.98211336135864
60000 time 41.465508222579956
70000 time 34.8252739906311
80000 time 33.33705139160156
90000 time 75.98331046104431
100000 time 85.82592105865479
110000 time 77.1651439666748
120000 time 73.08453178405762
130000 time 69.65623474121094
140000 time 73.06731939315796
150000 time 65.67097496986389
160000 time 68.55061721801758
170000 time 62.22422242164612
180000 time 61.05081510543823
190000 time 54.73040819168091
200000 time 54.73935842514038
210000 time 55.658456563949585
220000 time 53.66932272911072
230000 time 50.933990716934204
240000 time 50.54691004753113
250000 time 51.194398164749146
260000 time 51.81634283065796
270000 time 49.59615898132324
280000 time 50.54047131538391
290000 time 45.72633194923401
300000 time 45.40714168548584
310000 time 44.31431341171265
320000 time 45.802130699157715
330000 time 43.9302875995636
340000 time 41.69724750518799
350000 time 45.71822452545166
360000 time 42.0468385219574
370000 time 40.27452898025513
380000 time 41.60177302360535
390000 time 42.779444456100464
400000 time 40.502166748046875
410000 time 40.6219539642334
420000 time 40.687495708465576
430000 time 39.9524986743927
440000 time 41.401695728302
450000 time 39.688232421875
460000 time 39.823182821273804
470000 time 38.910717248916626
480000 time 38.6964635848999
490000 time 37.965827226638794
500000 time 38.20560836791992
510000 time 39.579246282577515
520000 time 39.53847122192383
530000 time 38.08131241798401
540000 time 37.4467670917511
550000 time 36.60875415802002
560000 time 36.63534736633301
570000 time 36.244433879852295
580000 time 35.37717032432556
590000 time 35.462220430374146
600000 time 35.88054418563843
610000 time 34.58990716934204
620000 time 35.068938970565796
630000 time 34.05226755142212
640000 time 33.73170304298401
650000 time 34.30517101287842
660000 time 33.72711968421936
670000 time 31.361275672912598
680000 time 32.26540422439575
690000 time 32.51387357711792
700000 time 31.735326766967773
710000 time 33.50678992271423
720000 time 33.24467206001282
730000 time 31.862377405166626
740000 time 34.921122312545776
750000 time 33.776344537734985
760000 time 32.959959506988525
770000 time 31.905630350112915
780000 time 33.31107950210571
790000 time 30.793631553649902
800000 time 31.85778784751892
810000 time 32.19544053077698
820000 time 31.990543603897095
830000 time 32.15314960479736
840000 time 31.124247312545776
850000 time 30.93756127357483
860000 time 31.26538848876953
870000 time 32.63682198524475
880000 time 30.22677969932556
890000 time 30.1466863155365
900000 time 31.056105136871338
910000 time 31.155650854110718
920000 time 30.434914112091064
930000 time 31.068819999694824
940000 time 29.309751749038696
950000 time 32.32294583320618
960000 time 30.924304962158203
970000 time 29.871589183807373
980000 time 29.28875231742859
990000 time 30.146512031555176
1000000 time 29.737324237823486
1010000 time 30.3471200466156
1020000 time 27.494415998458862
1030000 time 27.56545066833496
1040000 time 26.258488178253174
1050000 time 30.640814304351807
1060000 time 29.0594379901886
1070000 time 27.92129635810852
1080000 time 27.71967840194702
1090000 time 27.509971380233765
1100000 time 29.340046167373657
1110000 time 26.722665071487427
1120000 time 26.805134296417236
1130000 time 26.067110538482666
1140000 time 25.792829275131226
1150000 time 28.095928192138672
1160000 time 29.00021457672119
1170000 time 26.925999879837036
1180000 time 30.174911499023438
1190000 time 26.85282874107361
1200000 time 26.833075523376465
1210000 time 27.84381937980652
1220000 time 27.607444286346436
1230000 time 26.75003457069397
1240000 time 25.553629875183105
1250000 time 29.13941478729248
1260000 time 27.54550814628601
1270000 time 27.759483098983765
1280000 time 28.13985276222229
1290000 time 27.739068508148193
1300000 time 28.061964511871338
1310000 time 28.013075351715088
1320000 time 29.678334951400757
1330000 time 28.625250816345215
1340000 time 27.961016416549683
1350000 time 26.63244938850403
1360000 time 26.51616406440735
1370000 time 27.380173921585083
1380000 time 27.368310689926147
1390000 time 28.368720054626465
1400000 time 28.06093168258667
1410000 time 28.47674250602722
1420000 time 27.012542009353638
1430000 time 26.77209973335266
1440000 time 27.207329988479614
1450000 time 27.25368022918701
1460000 time 27.58968949317932
1470000 time 28.94832682609558
1480000 time 29.40124487876892
1490000 time 28.426730394363403
1500000 time 27.319605588912964
1510000 time 27.754079341888428
1520000 time 26.405117988586426
1530000 time 23.468560934066772
1540000 time 28.06769108772278
1550000 time 27.586808919906616
1560000 time 26.44209861755371
1570000 time 26.42470073699951
1580000 time 24.956642866134644
1590000 time 24.333144187927246
1600000 time 19.82295250892639
1610000 time 22.45183753967285
1620000 time 24.596434354782104
1630000 time 25.245765447616577
1640000 time 25.099745988845825
1650000 time 26.81087040901184
1660000 time 25.887092351913452
1670000 time 28.183199644088745
1680000 time 25.06686043739319
1690000 time 26.196074962615967
1700000 time 27.591575384140015
1710000 time 24.56495761871338
1720000 time 26.121063709259033
1730000 time 26.769831895828247
1740000 time 26.179805517196655
1750000 time 28.914144277572632
1760000 time 28.501514673233032
1770000 time 25.132854461669922
1780000 time 25.851750135421753
1790000 time 23.981088638305664
1800000 time 26.873821020126343
1810000 time 25.71293616294861
1820000 time 25.93557643890381
1830000 time 26.222275495529175
1840000 time 26.157841205596924
1850000 time 26.492058992385864
1860000 time 27.061498641967773
1870000 time 26.093215703964233
1880000 time 30.139988899230957
1890000 time 30.692315340042114
1900000 time 31.55924344062805
1910000 time 27.285218954086304
1920000 time 25.13239288330078
1930000 time 26.215288162231445
1940000 time 25.828116416931152
1950000 time 25.629276990890503
1960000 time 25.429012537002563
1970000 time 25.180752754211426
1980000 time 26.166304111480713
1990000 time 26.195045471191406
2000000 time 25.162916898727417
2010000 time 28.023433923721313
2020000 time 26.59819221496582
2030000 time 24.087461709976196
2040000 time 26.788708686828613
2050000 time 23.45891499519348
2060000 time 25.356258153915405
2070000 time 34.38270688056946
2080000 time 28.095572471618652
2090000 time 28.83797836303711
2100000 time 27.07998824119568
2110000 time 28.328861474990845
2120000 time 30.12705373764038
2130000 time 27.535669088363647
2140000 time 25.512359619140625
2150000 time 25.511881113052368
2160000 time 25.333672761917114
2170000 time 26.497835159301758
2180000 time 26.705518007278442
2190000 time 26.458868503570557
2200000 time 28.285069942474365
2210000 time 27.49863076210022
2220000 time 26.390774488449097
2230000 time 26.791318655014038
2240000 time 24.421111822128296
2250000 time 21.265104055404663
2260000 time 24.05667495727539
2270000 time 20.711410760879517
2280000 time 21.923893451690674
2290000 time 24.89620590209961
2300000 time 27.705251932144165
2310000 time 25.850863218307495
2320000 time 26.422844648361206
2330000 time 26.146507024765015
2340000 time 25.36628532409668
2350000 time 26.0858371257782
2360000 time 28.237055778503418
2370000 time 32.74671220779419
2380000 time 31.80326271057129
2390000 time 26.440115690231323
2400000 time 24.700259685516357
2410000 time 26.79420518875122
2420000 time 26.909545421600342
2430000 time 24.348973751068115
2440000 time 21.478822469711304
2450000 time 28.530364513397217
2460000 time 27.721319437026978
2470000 time 26.472175121307373
2480000 time 25.68911051750183
2490000 time 25.935617446899414
2500000 time 25.675456047058105
2510000 time 26.452184915542603
2520000 time 30.13179850578308
2530000 time 24.943650007247925
2540000 time 26.20363211631775
2550000 time 28.639732360839844
2560000 time 26.852547645568848
2570000 time 25.112977981567383
2580000 time 24.85133719444275
2590000 time 25.996111631393433
2600000 time 27.251322031021118
2610000 time 25.79642605781555
2620000 time 24.668152332305908
2630000 time 23.304120540618896
2640000 time 25.842718839645386
2650000 time 26.408682346343994
2660000 time 27.802765130996704
2670000 time 28.074307203292847
2680000 time 28.389888525009155
2690000 time 27.314016580581665
2700000 time 26.55291485786438
2710000 time 25.998170375823975
2720000 time 24.81998109817505
2730000 time 24.81104350090027
2740000 time 28.553898334503174
2750000 time 29.86355495452881
2760000 time 26.90545392036438
2770000 time 26.67337393760681
2780000 time 25.13745641708374
2790000 time 25.08306908607483
2800000 time 22.06404972076416
2810000 time 18.896242141723633
2820000 time 24.907745599746704
2830000 time 33.144553899765015
2840000 time 26.7351336479187
2850000 time 27.89678192138672
2860000 time 29.081624746322632
2870000 time 27.04066491127014
2880000 time 27.958038806915283
2890000 time 32.383362770080566
2900000 time 30.66216278076172
2910000 time 26.451431274414062
2920000 time 28.520159482955933
2930000 time 27.681498050689697
2940000 time 27.739391088485718
2950000 time 27.106494903564453
2960000 time 28.390928506851196
2970000 time 29.169234037399292
2980000 time 27.880771160125732
2990000 time 26.568125009536743
3000000 time 26.96166467666626
3010000 time 25.222676277160645
3020000 time 27.52663254737854
3030000 time 25.34272027015686
3040000 time 28.0151264667511
3050000 time 28.34950852394104
3060000 time 26.77531599998474
3070000 time 26.83537721633911
3080000 time 27.4153573513031
3090000 time 26.576658964157104
3100000 time 27.71027660369873
3110000 time 26.877312898635864
3120000 time 25.7978937625885
3130000 time 27.116838216781616
3140000 time 28.09372639656067
3150000 time 28.33725666999817
3160000 time 27.439512014389038
3170000 time 27.73438262939453
3180000 time 27.443238735198975
3190000 time 26.928648233413696
3200000 time 28.3299503326416
3210000 time 26.922159433364868
3220000 time 29.63083028793335
3230000 time 28.00454068183899
3240000 time 26.409650087356567
3250000 time 26.262674570083618
3260000 time 26.107624292373657
3270000 time 27.62983775138855
3280000 time 26.002105712890625
3290000 time 28.19249653816223
3300000 time 28.328542947769165
3310000 time 28.950576543807983
3320000 time 27.36140537261963
3330000 time 29.9629168510437
3340000 time 27.430313110351562
3350000 time 31.759411334991455
3360000 time 28.057792901992798
3370000 time 27.87358331680298
3380000 time 29.415928602218628
3390000 time 29.64384126663208
3400000 time 27.71373701095581
3410000 time 27.612584352493286
3420000 time 28.03579831123352
3430000 time 29.6709463596344
3440000 time 28.716883897781372
3450000 time 29.45763611793518
3460000 time 34.62223672866821
3470000 time 27.185594081878662
3480000 time 26.64758563041687
3490000 time 26.750444650650024
3500000 time 31.705137968063354
3510000 time 27.113242149353027
3520000 time 27.044653177261353
3530000 time 26.786361932754517
3540000 time 26.707661628723145
3550000 time 27.86563491821289
3560000 time 28.319711208343506
3570000 time 27.53706169128418
3580000 time 26.39166831970215
3590000 time 26.154654026031494
3600000 time 27.495423316955566
3610000 time 25.663214206695557
3620000 time 26.437023401260376
3630000 time 27.10336208343506
3640000 time 27.725085496902466
3650000 time 28.03513813018799
3660000 time 27.52940845489502
3670000 time 25.599361181259155
3680000 time 26.05614137649536
3690000 time 25.76836395263672
3700000 time 25.425225496292114
3710000 time 27.711042165756226
3720000 time 29.636823415756226
3730000 time 24.189523220062256
3740000 time 24.63608169555664
3750000 time 25.970361709594727
3760000 time 26.471199989318848
3770000 time 27.172359704971313
3780000 time 27.377853870391846
3790000 time 27.11023736000061
3800000 time 26.700315952301025
3810000 time 25.870302200317383
3820000 time 25.9031503200531
3830000 time 26.161768436431885
3840000 time 27.369144678115845
3850000 time 26.866572856903076
3860000 time 26.373212099075317
3870000 time 28.269859313964844
3880000 time 27.304189920425415
3890000 time 26.487698316574097
3900000 time 24.922759771347046
3910000 time 24.282200813293457
3920000 time 23.77636694908142
3930000 time 23.569871187210083
3940000 time 24.19726324081421
3950000 time 26.32716393470764
3960000 time 26.375850915908813
3970000 time 26.615992069244385
3980000 time 26.103391647338867
3990000 time 24.90508508682251
4000000 time 25.219431400299072
4010000 time 29.22271180152893
4020000 time 26.3992657661438
4030000 time 26.115705013275146
4040000 time 25.663111209869385
4050000 time 27.078450441360474
4060000 time 28.599732637405396
4070000 time 25.205393075942993
4080000 time 26.949812173843384
4090000 time 22.65950918197632
4100000 time 25.01468062400818
4110000 time 26.87169599533081
4120000 time 27.964755058288574
4130000 time 24.651391744613647
4140000 time 23.670222759246826
4150000 time 26.08773684501648
4160000 time 23.872921466827393
4170000 time 24.767130613327026
4180000 time 26.585108995437622
4190000 time 32.00988507270813
4200000 time 28.459883213043213
4210000 time 25.243175268173218
4220000 time 24.544835090637207
4230000 time 26.007599353790283
4240000 time 27.715304851531982
4250000 time 25.970492601394653
4260000 time 26.773846864700317
4270000 time 26.148998022079468
4280000 time 26.189273357391357
4290000 time 24.683795928955078
4300000 time 26.26429796218872
4310000 time 27.483261585235596
4320000 time 27.11606216430664
4330000 time 24.99606204032898
4340000 time 27.163275003433228
4350000 time 26.898901224136353
4360000 time 26.971567630767822
4370000 time 30.80311393737793
4380000 time 27.490107536315918
4390000 time 25.222100257873535
4400000 time 24.905585765838623
4410000 time 28.79443669319153
4420000 time 27.763917684555054
4430000 time 25.032163619995117
4440000 time 25.152435302734375
4450000 time 25.3554425239563
4460000 time 24.832085609436035
4470000 time 25.756794214248657
4480000 time 25.912437915802002
4490000 time 26.631345987319946
4500000 time 30.467312812805176
4510000 time 28.460349082946777
4520000 time 26.927205801010132
4530000 time 26.36500334739685
4540000 time 25.300759315490723
4550000 time 25.803746223449707
4560000 time 29.258507013320923
4570000 time 25.585354804992676
4580000 time 27.721644163131714
4590000 time 32.14302849769592
4600000 time 27.087310791015625
4610000 time 25.518935441970825
4620000 time 26.41121745109558
4630000 time 23.50688886642456
4640000 time 23.05805730819702
Finished counter at 4642915
10000 time 143.81647419929504
20000 time 125.60686254501343
30000 time 102.3318121433258
40000 time 91.44113755226135
50000 time 67.46850633621216
60000 time 40.80693292617798
70000 time 34.42750787734985
80000 time 33.191707372665405
90000 time 75.27032518386841
100000 time 85.14416837692261
110000 time 76.17064762115479
120000 time 72.45740151405334
130000 time 69.1007616519928
140000 time 72.53827619552612
150000 time 64.84605050086975
160000 time 68.04701232910156
170000 time 61.49596166610718
180000 time 60.56109809875488
190000 time 54.484498262405396
200000 time 53.97328066825867
210000 time 56.155888080596924
220000 time 56.21397876739502
230000 time 52.76026487350464
240000 time 52.481926918029785
250000 time 53.1864447593689
260000 time 54.0017614364624
270000 time 51.76972413063049
280000 time 52.90038537979126
290000 time 47.92351269721985
300000 time 47.1259446144104
310000 time 46.59837985038757
320000 time 47.651304960250854
330000 time 45.860207319259644
340000 time 45.8053514957428
350000 time 45.98633551597595
360000 time 43.98698043823242
370000 time 42.04860210418701
380000 time 43.65255832672119
390000 time 44.95791792869568
400000 time 42.1691358089447
410000 time 42.574952363967896
420000 time 42.697481870651245
430000 time 41.908994913101196
440000 time 43.30214166641235
450000 time 41.67877817153931
460000 time 41.70430779457092
470000 time 40.69665884971619
480000 time 40.366599798202515
490000 time 39.743021726608276
500000 time 40.33839130401611
510000 time 41.34835982322693
520000 time 41.33630657196045
530000 time 40.048288345336914
540000 time 39.1478590965271
550000 time 38.40302634239197
560000 time 38.33471202850342
570000 time 38.15613150596619
580000 time 36.940966844558716
590000 time 37.24267387390137
600000 time 37.61172842979431
610000 time 36.463565826416016
620000 time 36.973997354507446
630000 time 35.557371377944946
640000 time 35.33529090881348
650000 time 35.99040627479553
660000 time 35.500404834747314
670000 time 33.161553144454956
680000 time 34.06101655960083
690000 time 34.14073348045349
700000 time 33.50075006484985
710000 time 35.0837037563324
720000 time 34.64273762702942
730000 time 33.29457902908325
740000 time 37.04584360122681
750000 time 35.651089668273926
760000 time 34.48726797103882
770000 time 33.32395958900452
780000 time 34.84484267234802
790000 time 32.51758599281311
800000 time 33.3153920173645
810000 time 33.3995578289032
820000 time 33.51179504394531
830000 time 33.853896379470825
840000 time 32.734257221221924
850000 time 32.43056917190552
860000 time 34.55400013923645
870000 time 32.20984768867493
880000 time 31.90496063232422
890000 time 31.816388607025146
900000 time 32.443910121917725
910000 time 32.65034317970276
920000 time 32.12291169166565
930000 time 32.870593786239624
940000 time 30.884868621826172
950000 time 33.94804048538208
960000 time 32.43453073501587
970000 time 31.4548442363739
980000 time 30.9564368724823
990000 time 32.04630517959595
1000000 time 31.185590982437134
1010000 time 31.8680260181427
1020000 time 29.2064471244812
1030000 time 28.829231023788452
1040000 time 27.60800528526306
1050000 time 31.786459922790527
1060000 time 30.51796245574951
1070000 time 29.64491057395935
1080000 time 29.34831738471985
1090000 time 29.173559188842773
1100000 time 31.004210233688354
1110000 time 27.940821170806885
1120000 time 28.577776432037354
1130000 time 27.543819904327393
1140000 time 27.219470739364624
1150000 time 29.471795082092285
1160000 time 30.236482620239258
1170000 time 28.23103666305542
1180000 time 31.57876443862915
1190000 time 28.343326568603516
1200000 time 28.268808364868164
1210000 time 29.177018642425537
1220000 time 29.131454706192017
1230000 time 28.434808492660522
1240000 time 27.28816032409668
1250000 time 30.5800302028656
1260000 time 29.460054636001587
1270000 time 29.43710947036743
1280000 time 29.768967628479004
1290000 time 29.188499927520752
1300000 time 29.423628330230713
1310000 time 29.612708806991577
1320000 time 31.4869167804718
1330000 time 29.982401847839355
1340000 time 29.223337650299072
1350000 time 28.098707914352417
1360000 time 28.080406665802002
1370000 time 28.771800756454468
1380000 time 31.178786993026733
1390000 time 27.561638355255127
1400000 time 29.532374620437622
1410000 time 29.959203481674194
1420000 time 28.320210456848145
1430000 time 28.28050947189331
1440000 time 28.62837529182434
1450000 time 28.80124592781067
1460000 time 28.996216535568237
1470000 time 30.470282077789307
1480000 time 31.23756504058838
1490000 time 29.807360887527466
1500000 time 29.023972272872925
1510000 time 29.32222032546997
1520000 time 27.686397075653076
1530000 time 24.848344564437866
1540000 time 29.883073568344116
1550000 time 29.005685806274414
1560000 time 27.841798305511475
1570000 time 28.181355476379395
1580000 time 26.460171699523926
1590000 time 25.917229175567627
1600000 time 21.19451403617859
1610000 time 23.780638694763184
1620000 time 26.224834203720093
1630000 time 26.50225591659546
1640000 time 26.55573320388794
1650000 time 28.611934900283813
1660000 time 27.59682297706604
1670000 time 29.667439937591553
1680000 time 26.613344430923462
1690000 time 27.57920265197754
1700000 time 29.427786588668823
1710000 time 26.25572657585144
1720000 time 27.481929063796997
1730000 time 28.32553791999817
1740000 time 27.766510248184204
1750000 time 30.537426233291626
1760000 time 30.035277843475342
1770000 time 26.494274854660034
1780000 time 26.75122857093811
1790000 time 25.583441019058228
1800000 time 28.415252923965454
1810000 time 27.513566255569458
1820000 time 27.225040674209595
1830000 time 27.59274673461914
1840000 time 27.604358196258545
1850000 time 28.344818115234375
1860000 time 28.924098014831543
1870000 time 27.533413648605347
1880000 time 31.81379771232605
1890000 time 32.11356782913208
1900000 time 33.218372106552124
1910000 time 28.713266849517822
1920000 time 26.4517822265625
1930000 time 27.935936212539673
1940000 time 27.108508348464966
1950000 time 26.929972648620605
1960000 time 27.021325826644897
1970000 time 26.611021995544434
1980000 time 27.79839062690735
1990000 time 27.453230381011963
2000000 time 26.433533906936646
2010000 time 29.303846836090088
2020000 time 28.088963747024536
2030000 time 25.572170972824097
2040000 time 28.460029125213623
2050000 time 24.695318937301636
2060000 time 26.82375693321228
2070000 time 36.29767465591431
2080000 time 29.731059551239014
2090000 time 30.265904664993286
2100000 time 28.77398920059204
2110000 time 29.981457233428955
2120000 time 31.690964698791504
2130000 time 29.045697689056396
2140000 time 26.882556915283203
2150000 time 25.566147089004517
2160000 time 25.047340631484985
2170000 time 26.519022703170776
2180000 time 27.12526798248291
2190000 time 26.148237466812134
2200000 time 27.87381386756897
2210000 time 27.405261754989624
2220000 time 26.518619060516357
2230000 time 26.859483242034912
2240000 time 24.374781131744385
2250000 time 21.409189224243164
2260000 time 24.145676851272583
2270000 time 20.69794988632202
2280000 time 21.959586143493652
2290000 time 24.995716333389282
2300000 time 27.705440521240234
2310000 time 25.947409629821777
2320000 time 26.312593936920166
2330000 time 26.18423557281494
2340000 time 25.07280135154724
2350000 time 26.025556564331055
2360000 time 31.455602407455444
2370000 time 29.339008569717407
2380000 time 32.039714097976685
2390000 time 26.369248151779175
2400000 time 24.76548433303833
2410000 time 26.902883291244507
2420000 time 26.730494499206543
2430000 time 24.619757652282715
2440000 time 21.564697980880737
2450000 time 28.452722311019897
2460000 time 27.669244527816772
2470000 time 26.7163348197937
2480000 time 25.389436960220337
2490000 time 26.276578664779663
2500000 time 25.68600082397461
2510000 time 26.467650413513184
2520000 time 30.383484601974487
2530000 time 24.95290493965149
2540000 time 26.169785737991333
2550000 time 28.859405517578125
2560000 time 26.56683111190796
2570000 time 24.843031406402588
2580000 time 24.95461869239807
2590000 time 26.04368233680725
2600000 time 27.526538848876953
2610000 time 26.01463484764099
2620000 time 24.879295110702515
2630000 time 23.2138454914093
2640000 time 26.023335456848145
2650000 time 26.329775094985962
2660000 time 27.684065580368042
2670000 time 27.709900617599487
2680000 time 28.05526852607727
2690000 time 27.48578453063965
2700000 time 26.85016131401062
2710000 time 26.071786880493164
2720000 time 24.924705028533936
2730000 time 24.945024013519287
2740000 time 28.608994722366333
2750000 time 29.89402985572815
2760000 time 26.909759044647217
2770000 time 26.597833395004272
2780000 time 24.924828052520752
2790000 time 24.90160298347473
2800000 time 21.78892731666565
2810000 time 18.788580179214478
2820000 time 24.67047882080078
2830000 time 32.91656470298767
2840000 time 26.772117137908936
2850000 time 27.90261149406433
2860000 time 29.11167049407959
2870000 time 26.968236923217773
2880000 time 27.899373531341553
2890000 time 36.24318218231201
2900000 time 27.139660358428955
2910000 time 26.18141007423401
2920000 time 28.423096656799316
2930000 time 27.519261598587036
2940000 time 27.528331756591797
2950000 time 27.09705376625061
2960000 time 28.1234073638916
2970000 time 29.30117654800415
2980000 time 27.50545883178711
2990000 time 26.839160442352295
3000000 time 27.116018533706665
3010000 time 24.86781096458435
3020000 time 27.15934729576111
3030000 time 25.30733370780945
3040000 time 27.480093955993652
3050000 time 28.18403458595276
3060000 time 26.62565279006958
3070000 time 26.64482808113098
3080000 time 27.668736934661865
3090000 time 26.35690999031067
3100000 time 27.96475386619568
3110000 time 27.028605699539185
3120000 time 26.139180660247803
3130000 time 26.911374807357788
3140000 time 28.038541555404663
3150000 time 28.428827047348022
3160000 time 27.101430654525757
3170000 time 27.553411960601807
3180000 time 27.071141242980957
3190000 time 27.115471363067627
3200000 time 28.257282495498657
3210000 time 26.683359384536743
3220000 time 29.555847883224487
3230000 time 27.683018445968628
3240000 time 26.19399380683899
3250000 time 26.49887442588806
3260000 time 26.26371717453003
3270000 time 27.510871648788452
3280000 time 26.07321524620056
3290000 time 27.94373345375061
3300000 time 28.557732820510864
3310000 time 28.7335307598114
3320000 time 26.973753452301025
3330000 time 29.71363067626953
3340000 time 27.24222993850708
3350000 time 31.72066044807434
3360000 time 27.554795742034912
3370000 time 28.441535472869873
3380000 time 29.609644651412964
3390000 time 29.65647006034851
3400000 time 27.587471961975098
3410000 time 28.21026086807251
3420000 time 28.019034385681152
3430000 time 29.517369508743286
3440000 time 28.792141675949097
3450000 time 29.000462770462036
3460000 time 34.352731704711914
3470000 time 27.05369806289673
3480000 time 26.865245580673218
3490000 time 30.743570566177368
3500000 time 27.390121698379517
3510000 time 27.72502636909485
3520000 time 26.969168186187744
3530000 time 26.744794607162476
3540000 time 26.503474473953247
3550000 time 27.646803617477417
3560000 time 28.20165467262268
3570000 time 27.27406883239746
3580000 time 26.583385467529297
3590000 time 26.27313780784607
3600000 time 27.196813344955444
3610000 time 25.41246199607849
3620000 time 26.779531955718994
3630000 time 26.915555477142334
3640000 time 27.360758304595947
3650000 time 28.122246503829956
3660000 time 27.3347065448761
3670000 time 25.471484422683716
3680000 time 25.94880747795105
3690000 time 25.657927989959717
3700000 time 25.29389452934265
3710000 time 27.11693572998047
3720000 time 29.183511972427368
3730000 time 24.44139575958252
3740000 time 24.491583347320557
3750000 time 26.102190494537354
3760000 time 26.573566198349
3770000 time 27.064375162124634
3780000 time 27.25884175300598
3790000 time 27.254247426986694
3800000 time 26.78104305267334
3810000 time 25.95261311531067
3820000 time 25.899450302124023
3830000 time 25.82073426246643
3840000 time 27.356132984161377
3850000 time 27.130524158477783
3860000 time 26.464502334594727
3870000 time 28.161904096603394
3880000 time 27.523985862731934
3890000 time 25.931212902069092
3900000 time 25.005459308624268
3910000 time 24.48988676071167
3920000 time 23.97477412223816
3930000 time 23.44904661178589
3940000 time 24.05843186378479
3950000 time 26.52432656288147
3960000 time 26.31377077102661
3970000 time 26.737678050994873
3980000 time 26.165430784225464
3990000 time 24.78624415397644
4000000 time 25.169018507003784
4010000 time 29.115583181381226
4020000 time 26.55350375175476
4030000 time 26.024190187454224
4040000 time 25.72981858253479
4050000 time 26.79275679588318
4060000 time 28.620310306549072
4070000 time 25.15506935119629
4080000 time 27.093387603759766
4090000 time 22.37040686607361
4100000 time 24.82265830039978
4110000 time 27.181971549987793
4120000 time 27.749062299728394
4130000 time 24.469637155532837
4140000 time 23.846550464630127
4150000 time 25.696873426437378
4160000 time 23.952911376953125
4170000 time 24.911341428756714
4180000 time 31.37889075279236
4190000 time 27.506824254989624
4200000 time 28.073577642440796
4210000 time 25.318955898284912
4220000 time 24.47681427001953
4230000 time 26.13204288482666
4240000 time 27.420879364013672
4250000 time 26.085164308547974
4260000 time 26.383796215057373
4270000 time 26.40120005607605
4280000 time 26.131215572357178
4290000 time 24.617716312408447
4300000 time 26.093819856643677
4310000 time 27.90831232070923
4320000 time 27.031739950180054
4330000 time 24.676006078720093
4340000 time 26.905848503112793
4350000 time 26.79179048538208
4360000 time 26.795241117477417
4370000 time 30.42900037765503
4380000 time 28.154584169387817
4390000 time 25.253183364868164
4400000 time 24.690780639648438
4410000 time 28.514374494552612
4420000 time 27.65371537208557
4430000 time 24.926658868789673
4440000 time 24.78725528717041
4450000 time 25.254981756210327
4460000 time 24.619860887527466
4470000 time 25.836798429489136
4480000 time 26.269259691238403
4490000 time 26.431689500808716
4500000 time 30.287168979644775
4510000 time 27.82631230354309
4520000 time 26.94440722465515
4530000 time 26.3864324092865
4540000 time 25.245502471923828
4550000 time 25.84228229522705
4560000 time 29.233635663986206
4570000 time 25.475313901901245
4580000 time 27.59518074989319
4590000 time 32.0397744178772
4600000 time 27.14467978477478
4610000 time 25.610828638076782
4620000 time 26.43304467201233
4630000 time 23.47635531425476
4640000 time 22.95659041404724
Finished counter at 4642915
10000 time 143.00626063346863
20000 time 124.9406521320343
30000 time 102.15683722496033
40000 time 90.86288452148438
50000 time 67.15111303329468
60000 time 40.41615653038025
70000 time 34.6233127117157
80000 time 32.79576802253723
90000 time 74.73949217796326
100000 time 84.72389507293701
110000 time 76.04924130439758
120000 time 72.28351426124573
130000 time 68.8131890296936
140000 time 72.02786779403687
150000 time 64.74870920181274
160000 time 68.01658082008362
170000 time 61.4242045879364
180000 time 59.97618627548218
190000 time 54.27737522125244
200000 time 53.831483125686646
210000 time 56.1855092048645
220000 time 55.8879497051239
230000 time 52.30678939819336
240000 time 52.20791268348694
250000 time 53.21203351020813
260000 time 53.84836006164551
270000 time 51.86526370048523
280000 time 52.64209175109863
290000 time 47.66178607940674
300000 time 46.93498873710632
310000 time 46.5669264793396
320000 time 47.3841757774353
330000 time 47.769827127456665
340000 time 43.87511873245239
350000 time 45.84355068206787
360000 time 43.82517147064209
370000 time 41.91006135940552
380000 time 43.521997928619385
390000 time 44.685731649398804
400000 time 42.198405504226685
410000 time 42.4227728843689
420000 time 42.38578724861145
430000 time 41.59536290168762
440000 time 43.12940239906311
450000 time 41.602699756622314
460000 time 41.604974031448364
470000 time 40.54473900794983
480000 time 40.4869179725647
490000 time 39.560049057006836
500000 time 39.87602162361145
510000 time 41.004984855651855
520000 time 41.34062194824219
530000 time 39.869107246398926
540000 time 39.091224908828735
550000 time 38.52793598175049
560000 time 38.04584527015686
570000 time 37.94197487831116
580000 time 36.90985298156738
590000 time 37.05067157745361
600000 time 37.41768956184387
610000 time 36.36753535270691
620000 time 36.9187593460083
630000 time 35.40555191040039
640000 time 35.109771490097046
650000 time 35.87872314453125
660000 time 35.0251841545105
670000 time 33.142254114151
680000 time 33.789031982421875
690000 time 34.072349309921265
700000 time 33.44381022453308
710000 time 35.00864267349243
720000 time 34.5320098400116
730000 time 33.59533882141113
740000 time 36.70352840423584
750000 time 35.58259391784668
760000 time 34.28361248970032
770000 time 33.44206500053406
780000 time 34.96574902534485
790000 time 32.28365778923035
800000 time 33.53208565711975
810000 time 33.543131828308105
820000 time 33.48864698410034
830000 time 33.434520959854126
840000 time 32.54466724395752
850000 time 34.248461961746216
860000 time 32.93712878227234
870000 time 32.23893928527832
880000 time 31.62715458869934
890000 time 31.82071805000305
900000 time 32.499210357666016
910000 time 32.54273557662964
920000 time 31.99138379096985
930000 time 32.73441433906555
940000 time 30.696050882339478
950000 time 33.932522773742676
960000 time 32.34386467933655
970000 time 31.0975284576416
980000 time 31.128831386566162
990000 time 31.697427988052368
1000000 time 31.067399740219116
1010000 time 31.697754859924316
1020000 time 28.876015663146973
1030000 time 28.96044611930847
1040000 time 27.39926290512085
1050000 time 31.91621470451355
1060000 time 30.249119520187378
1070000 time 29.556224822998047
1080000 time 29.375805854797363
1090000 time 29.172013998031616
1100000 time 30.98444962501526
1110000 time 27.80466318130493
1120000 time 28.196102142333984
1130000 time 27.384181022644043
1140000 time 27.0840585231781
1150000 time 29.45508623123169
1160000 time 30.336085319519043
1170000 time 28.121644258499146
1180000 time 31.921319723129272
1190000 time 28.250986576080322
1200000 time 28.21381950378418
1210000 time 29.327200174331665
1220000 time 28.779527187347412
1230000 time 27.999560594558716
1240000 time 27.20042324066162
1250000 time 30.540460109710693
1260000 time 29.226423501968384
1270000 time 29.504180431365967
1280000 time 29.785950660705566
1290000 time 29.31942844390869
1300000 time 29.461177825927734
1310000 time 29.602920055389404
1320000 time 31.26002788543701
1330000 time 29.678463459014893
1340000 time 29.048899173736572
1350000 time 27.815659046173096
1360000 time 28.111303567886353
1370000 time 28.81556272506714
1380000 time 31.222841262817383
1390000 time 27.734304666519165
1400000 time 29.224871158599854
1410000 time 29.866077184677124
1420000 time 28.187841653823853
1430000 time 28.078605890274048
1440000 time 28.52897834777832
1450000 time 28.614299535751343
1460000 time 29.09055995941162
1470000 time 30.39321541786194
1480000 time 31.078136205673218
1490000 time 29.834253072738647
1500000 time 28.95776677131653
1510000 time 29.276306867599487
1520000 time 27.63889455795288
1530000 time 24.602459192276
1540000 time 29.57215929031372
1550000 time 28.82085680961609
1560000 time 27.986483097076416
1570000 time 27.948418617248535
1580000 time 26.3735294342041
1590000 time 25.58520817756653
1600000 time 21.167076587677002
1610000 time 23.892388820648193
1620000 time 26.05052423477173
1630000 time 26.638224601745605
1640000 time 26.39012384414673
1650000 time 28.57207465171814
1660000 time 27.379101991653442
1670000 time 29.86875081062317
1680000 time 26.63140058517456
1690000 time 27.78801441192627
1700000 time 29.263429403305054
1710000 time 26.16877579689026
1720000 time 27.63804316520691
1730000 time 28.193233489990234
1740000 time 27.505036115646362
1750000 time 30.247490882873535
1760000 time 30.111812114715576
1770000 time 26.379809617996216
1780000 time 26.65195083618164
1790000 time 25.889543294906616
1800000 time 28.683162450790405
1810000 time 27.389346599578857
1820000 time 27.502219438552856
1830000 time 27.722729921340942
1840000 time 27.71082878112793
1850000 time 28.08490824699402
1860000 time 28.50416398048401
1870000 time 30.134007692337036
1880000 time 29.07884192466736
1890000 time 32.19059920310974
1900000 time 33.47799372673035
1910000 time 28.616395711898804
1920000 time 26.441108226776123
1930000 time 27.891466856002808
1940000 time 27.038443565368652
1950000 time 26.945791482925415
1960000 time 26.648082733154297
1970000 time 26.535829067230225
1980000 time 27.6850528717041
1990000 time 27.42544913291931
2000000 time 26.683886528015137
2010000 time 29.351405143737793
2020000 time 28.24797773361206
2030000 time 25.550028562545776
2040000 time 28.561522960662842
2050000 time 24.700854301452637
2060000 time 27.00544834136963
2070000 time 36.0559401512146
2080000 time 29.52950406074524
2090000 time 30.397281646728516
2100000 time 28.441945791244507
2110000 time 29.75211787223816
2120000 time 31.25749969482422
2130000 time 28.903725147247314
2140000 time 27.05674982070923
2150000 time 26.891960382461548
2160000 time 26.74139428138733
2170000 time 28.10562014579773
2180000 time 28.407188177108765
2190000 time 27.976497411727905
2200000 time 29.60380482673645
2210000 time 29.343960523605347
2220000 time 28.006332874298096
2230000 time 28.221604347229004
2240000 time 25.882372617721558
2250000 time 22.74859380722046
2260000 time 25.37690234184265
2270000 time 21.9685697555542
2280000 time 23.16939091682434
2290000 time 26.274534940719604
2300000 time 29.37602710723877
2310000 time 27.50801372528076
2320000 time 27.93895387649536
2330000 time 27.734888553619385
2340000 time 26.639143228530884
2350000 time 30.53828763961792
2360000 time 30.008631229400635
2370000 time 31.267982959747314
2380000 time 33.68005347251892
2390000 time 27.904771327972412
2400000 time 25.979326009750366
2410000 time 28.26663064956665
2420000 time 28.206827878952026
2430000 time 25.934947729110718
2440000 time 22.823941946029663
2450000 time 30.09394145011902
2460000 time 28.884212017059326
2470000 time 28.2144992351532
2480000 time 26.91611337661743
2490000 time 27.64961075782776
2500000 time 27.0588276386261
2510000 time 27.967764377593994
2520000 time 31.767909049987793
2530000 time 26.210333824157715
2540000 time 27.79027271270752
2550000 time 30.12443971633911
2560000 time 28.470359325408936
2570000 time 26.383872270584106
2580000 time 26.53555727005005
2590000 time 27.100194692611694
2600000 time 28.766014337539673
2610000 time 27.279561758041382
2620000 time 26.344786882400513
2630000 time 24.7255961894989
2640000 time 27.24501943588257
2650000 time 27.975275993347168
2660000 time 29.22020959854126
2670000 time 29.606353759765625
2680000 time 30.131669759750366
2690000 time 28.97576355934143
2700000 time 28.260501384735107
2710000 time 27.519344091415405
2720000 time 26.397686004638672
2730000 time 26.5043842792511
2740000 time 30.291681051254272
2750000 time 31.58388352394104
2760000 time 28.75877046585083
2770000 time 28.07473373413086
2780000 time 26.678239345550537
2790000 time 26.617218255996704
2800000 time 23.070934057235718
2810000 time 20.05777597427368
2820000 time 26.274760007858276
2830000 time 35.09950661659241
2840000 time 28.166954040527344
2850000 time 29.15193486213684
2860000 time 30.80139708518982
2870000 time 28.805963277816772
2880000 time 32.90765571594238
2890000 time 34.33953833580017
2900000 time 28.68688988685608
2910000 time 27.558093309402466
2920000 time 29.91943645477295
2930000 time 29.328328609466553
2940000 time 29.21306538581848
2950000 time 29.032463550567627
2960000 time 29.648633003234863
2970000 time 30.803717136383057
2980000 time 29.24828863143921
2990000 time 28.38117218017578
3000000 time 28.685797452926636
3010000 time 26.68352746963501
3020000 time 28.911707162857056
3030000 time 26.74934697151184
3040000 time 29.30184578895569
3050000 time 30.140272855758667
3060000 time 28.224580764770508
3070000 time 28.302409410476685
3080000 time 29.166801691055298
3090000 time 27.871883869171143
3100000 time 29.583219528198242
3110000 time 28.722381830215454
3120000 time 27.202131509780884
3130000 time 28.779415369033813
3140000 time 29.930872917175293
3150000 time 30.076077461242676
3160000 time 28.677856922149658
3170000 time 29.12647819519043
3180000 time 28.574682235717773
3190000 time 28.450117111206055
3200000 time 30.02277374267578
3210000 time 28.371408939361572
3220000 time 31.381460428237915
3230000 time 29.55949378013611
3240000 time 27.67599368095398
3250000 time 27.78297472000122
3260000 time 27.82174277305603
3270000 time 29.253527879714966
3280000 time 27.856330394744873
3290000 time 29.58622431755066
3300000 time 29.90887761116028
3310000 time 30.6713809967041
3320000 time 28.726967811584473
3330000 time 31.49600648880005
3340000 time 28.80142617225647
3350000 time 33.52326250076294
3360000 time 29.145775079727173
3370000 time 29.512293338775635
3380000 time 31.153127908706665
3390000 time 31.646155834197998
3400000 time 28.939019203186035
3410000 time 29.843419075012207
3420000 time 29.56205654144287
3430000 time 30.920013427734375
3440000 time 30.672060251235962
3450000 time 30.74713110923767
3460000 time 36.237444162368774
3470000 time 28.752917766571045
3480000 time 32.42761278152466
3490000 time 28.20673632621765
3500000 time 29.165807962417603
3510000 time 28.966163635253906
3520000 time 28.74322485923767
3530000 time 28.242600202560425
3540000 time 28.257083654403687
3550000 time 29.318260669708252
3560000 time 29.705093145370483
3570000 time 29.105122089385986
3580000 time 27.998549938201904
3590000 time 27.82081890106201
3600000 time 28.780792474746704
3610000 time 27.182798624038696
3620000 time 27.66722869873047
3630000 time 28.48831295967102
3640000 time 29.041588068008423
3650000 time 29.952972412109375
3660000 time 29.191370010375977
3670000 time 26.916265726089478
3680000 time 27.67011857032776
3690000 time 27.097508668899536
3700000 time 26.688902854919434
3710000 time 28.94104313850403
3720000 time 31.45497965812683
3730000 time 25.82550811767578
3740000 time 25.830355644226074
3750000 time 27.198509216308594
3760000 time 27.83361053466797
3770000 time 28.749102354049683
3780000 time 28.768348932266235
3790000 time 29.083601236343384
3800000 time 28.45260190963745
3810000 time 27.280729293823242
3820000 time 27.492507696151733
3830000 time 27.45187520980835
3840000 time 29.011218309402466
3850000 time 28.458338499069214
3860000 time 28.071157932281494
3870000 time 29.83611750602722
3880000 time 28.949492931365967
3890000 time 27.591166496276855
3900000 time 26.127245664596558
3910000 time 25.84743571281433
3920000 time 25.571535348892212
3930000 time 25.127037525177002
3940000 time 25.57912850379944
3950000 time 27.959365606307983
3960000 time 27.62865924835205
3970000 time 27.99958109855652
3980000 time 27.38493299484253
3990000 time 26.457234621047974
4000000 time 26.940653324127197
4010000 time 30.54411482810974
4020000 time 27.84017324447632
4030000 time 27.545775175094604
4040000 time 27.110045194625854
4050000 time 28.621752977371216
4060000 time 30.598607063293457
4070000 time 26.622311115264893
4080000 time 28.37465786933899
4090000 time 23.97404193878174
4100000 time 26.248152256011963
4110000 time 28.494133710861206
4120000 time 29.469119787216187
4130000 time 25.95926547050476
4140000 time 24.96499729156494
4150000 time 27.992008924484253
4160000 time 25.452871561050415
4170000 time 26.45507025718689
4180000 time 32.99389910697937
4190000 time 28.801968336105347
4200000 time 30.105812788009644
4210000 time 26.868749856948853
4220000 time 26.043498039245605
4230000 time 27.39603281021118
4240000 time 29.054473638534546
4250000 time 27.554939031600952
4260000 time 28.685605764389038
4270000 time 27.891420364379883
4280000 time 27.813795804977417
4290000 time 26.00925636291504
4300000 time 27.706559658050537
4310000 time 28.948589086532593
4320000 time 28.650625228881836
4330000 time 26.552806854248047
4340000 time 28.801526308059692
4350000 time 28.02731418609619
4360000 time 28.559449434280396
4370000 time 32.658223152160645
4380000 time 29.37948203086853
4390000 time 26.79457950592041
4400000 time 26.121135473251343
4410000 time 30.359723567962646
4420000 time 29.064226150512695
4430000 time 26.56014657020569
4440000 time 26.498212814331055
4450000 time 26.771722078323364
4460000 time 26.240598678588867
4470000 time 27.43212604522705
4480000 time 27.609582662582397
4490000 time 28.184921979904175
4500000 time 32.17220687866211
4510000 time 29.898679733276367
4520000 time 28.68052911758423
4530000 time 27.97354006767273
4540000 time 26.862415552139282
4550000 time 27.622132778167725
4560000 time 30.695178031921387
4570000 time 27.037834882736206
4580000 time 29.58678412437439
4590000 time 33.95797348022461
4600000 time 28.8309063911438
4610000 time 27.041529893875122
4620000 time 28.029334545135498
4630000 time 24.95454168319702
4640000 time 24.305262804031372
Finished counter at 4642915
10000 time 144.04454040527344
20000 time 125.79588747024536
30000 time 102.37117981910706
40000 time 91.52504897117615
50000 time 67.47808241844177
60000 time 40.73332738876343
70000 time 34.62277889251709
80000 time 32.96746373176575
90000 time 75.43720722198486
100000 time 85.12904214859009
110000 time 76.2639946937561
120000 time 72.60728073120117
130000 time 69.27300882339478
140000 time 72.3699882030487
150000 time 64.96448278427124
160000 time 68.12496519088745
170000 time 61.48222470283508
180000 time 60.60442042350769
190000 time 54.303276777267456
200000 time 54.29128646850586
210000 time 55.88284373283386
220000 time 55.93486475944519
230000 time 52.950608253479004
240000 time 52.48973083496094
250000 time 53.37725067138672
260000 time 53.9419846534729
270000 time 51.835554361343384
280000 time 53.01704740524292
290000 time 48.17075490951538
300000 time 47.07959342002869
310000 time 46.66284394264221
320000 time 49.35000228881836
330000 time 45.80982327461243
340000 time 44.0268018245697
350000 time 46.27031135559082
360000 time 43.88467192649841
370000 time 42.1979296207428
380000 time 43.834038496017456
390000 time 44.91292953491211
400000 time 42.115710496902466
410000 time 42.677406549453735
420000 time 42.6139018535614
430000 time 41.95042371749878
440000 time 43.37793946266174
450000 time 41.66849732398987
460000 time 41.829514026641846
470000 time 40.65679621696472
480000 time 40.47684192657471
490000 time 39.960801124572754
500000 time 40.0695538520813
510000 time 41.33327341079712
520000 time 41.54905986785889
530000 time 40.10096096992493
540000 time 39.34243297576904
550000 time 38.25617527961731
560000 time 38.31423497200012
570000 time 38.3094756603241
580000 time 37.074185371398926
590000 time 37.33498430252075
600000 time 37.49925231933594
610000 time 36.73999261856079
620000 time 37.18160581588745
630000 time 35.40395951271057
640000 time 35.28763771057129
650000 time 36.22295951843262
660000 time 35.06692886352539
670000 time 33.19951605796814
680000 time 33.964884996414185
690000 time 34.26796579360962
700000 time 33.38440704345703
710000 time 35.24062991142273
720000 time 34.76288986206055
730000 time 33.487560749053955
740000 time 36.76944661140442
750000 time 35.53495454788208
760000 time 34.518184185028076
770000 time 33.394169092178345
780000 time 35.318374156951904
790000 time 32.52569556236267
800000 time 33.31594800949097
810000 time 33.567766427993774
820000 time 33.75924754142761
830000 time 33.930216550827026
840000 time 34.443981885910034
850000 time 32.29114603996277
860000 time 32.64120960235596
870000 time 32.409634828567505
880000 time 31.74405336380005
890000 time 31.9027156829834
900000 time 32.483278036117554
910000 time 32.743664026260376
920000 time 32.270649671554565
930000 time 32.68284034729004
940000 time 30.900041818618774
950000 time 34.084736347198486
960000 time 32.75277233123779
970000 time 31.26973247528076
980000 time 31.181137800216675
990000 time 31.963664531707764
1000000 time 31.26383376121521
1010000 time 31.92652201652527
1020000 time 28.84536337852478
1030000 time 29.006948232650757
1040000 time 27.518277168273926
1050000 time 31.7744197845459
1060000 time 30.593366384506226
1070000 time 29.57481598854065
1080000 time 29.334264993667603
1090000 time 29.14753484725952
1100000 time 30.929136753082275
1110000 time 28.185888528823853
1120000 time 28.31772780418396
1130000 time 27.504262924194336
1140000 time 27.24969720840454
1150000 time 29.85210418701172
1160000 time 30.4397873878479
1170000 time 28.345109462738037
1180000 time 31.837072372436523
1190000 time 28.23117232322693
1200000 time 28.24293828010559
1210000 time 29.47897458076477
1220000 time 28.824761629104614
1230000 time 28.13549304008484
1240000 time 27.11608362197876
1250000 time 30.75770664215088
1260000 time 29.318832635879517
1270000 time 29.5754337310791
1280000 time 29.80821657180786
1290000 time 29.28697967529297
1300000 time 29.505260229110718
1310000 time 29.617465019226074
1320000 time 31.60675621032715
1330000 time 29.78148078918457
1340000 time 29.518595457077026
1350000 time 28.12406849861145
1360000 time 28.219170570373535
1370000 time 31.24913263320923
1380000 time 28.78570532798767
1390000 time 27.6942138671875
1400000 time 29.450892448425293
1410000 time 30.09386706352234
1420000 time 28.755807399749756
1430000 time 28.21791386604309
1440000 time 28.59377646446228
1450000 time 28.890558004379272
1460000 time 29.19749426841736
1470000 time 30.750125408172607
1480000 time 30.933817625045776
1490000 time 29.919103384017944
1500000 time 28.83356523513794
1510000 time 29.179459810256958
1520000 time 28.098583221435547
1530000 time 24.748006582260132
1540000 time 29.391729831695557
1550000 time 28.985780954360962
1560000 time 27.967584371566772
1570000 time 27.95050024986267
1580000 time 26.489656925201416
1590000 time 25.592507362365723
1600000 time 21.261420488357544
1610000 time 23.60062003135681
1620000 time 26.12135100364685
1630000 time 26.720245361328125
1640000 time 26.638161182403564
1650000 time 28.6279354095459
1660000 time 27.658528327941895
1670000 time 29.606430530548096
1680000 time 26.57914924621582
1690000 time 27.789376735687256
1700000 time 29.19052481651306
1710000 time 26.58376431465149
1720000 time 27.60675358772278
1730000 time 28.25657629966736
1740000 time 27.757481813430786
1750000 time 30.464831352233887
1760000 time 30.0570387840271
1770000 time 26.469523191452026
1780000 time 26.800238132476807
1790000 time 25.53203821182251
1800000 time 28.86384105682373
1810000 time 27.29721999168396
1820000 time 27.563876390457153
1830000 time 27.683152437210083
1840000 time 27.60992193222046
1850000 time 28.612502336502075
1860000 time 31.835879802703857
1870000 time 27.72831916809082
1880000 time 29.170938968658447
1890000 time 32.37542796134949
1900000 time 33.28512930870056
1910000 time 28.998167991638184
1920000 time 26.56926417350769
1930000 time 27.916270971298218
1940000 time 26.97726058959961
1950000 time 27.181227445602417
1960000 time 27.180366277694702
1970000 time 26.598379850387573
1980000 time 27.62275218963623
1990000 time 27.50860857963562
2000000 time 26.319390773773193
2010000 time 29.592913389205933
2020000 time 28.142499923706055
2030000 time 25.791330575942993
2040000 time 28.61217975616455
2050000 time 24.68971300125122
2060000 time 26.776036977767944
2070000 time 36.31202149391174
2080000 time 29.851466417312622
2090000 time 30.349122524261475
2100000 time 28.51668429374695
2110000 time 29.69554615020752
2120000 time 31.64387607574463
2130000 time 29.176643133163452
2140000 time 26.91148567199707
2150000 time 27.208674430847168
2160000 time 26.8835186958313
2170000 time 28.44897150993347
2180000 time 28.479002952575684
2190000 time 28.010225296020508
2200000 time 32.02963089942932
2210000 time 33.814303159713745
2220000 time 29.219840049743652
2230000 time 28.311049938201904
2240000 time 25.826481580734253
2250000 time 22.678151845932007
2260000 time 25.326602697372437
2270000 time 22.168232202529907
2280000 time 23.37737464904785
2290000 time 26.30149483680725
2300000 time 29.29248571395874
2310000 time 27.40603280067444
2320000 time 27.827839374542236
2330000 time 27.718859910964966
2340000 time 30.03277564048767
2350000 time 27.335313320159912
2360000 time 30.031216382980347
2370000 time 31.321178913116455
2380000 time 33.890464305877686
2390000 time 27.886221408843994
2400000 time 26.105146646499634
2410000 time 28.46195936203003
2420000 time 28.473923683166504
2430000 time 26.04353928565979
2440000 time 23.193010330200195
2450000 time 30.318620443344116
2460000 time 29.220104694366455
2470000 time 28.080471754074097
2480000 time 26.765812873840332
2490000 time 27.991849899291992
2500000 time 27.73611545562744
2510000 time 28.07207751274109
2520000 time 31.780877113342285
2530000 time 26.45735812187195
2540000 time 27.787895679473877
2550000 time 30.424986124038696
2560000 time 28.652664184570312
2570000 time 26.466176509857178
2580000 time 26.321128606796265
2590000 time 27.663090467453003
2600000 time 29.1277596950531
2610000 time 27.5281822681427
2620000 time 26.24261713027954
2630000 time 24.6422598361969
2640000 time 27.237690925598145
2650000 time 28.020159244537354
2660000 time 29.267725467681885
2670000 time 29.937620162963867
2680000 time 30.046466827392578
2690000 time 28.625147342681885
2700000 time 28.66027569770813
2710000 time 27.71027183532715
2720000 time 26.356019258499146
2730000 time 26.177746534347534
2740000 time 30.55164885520935
2750000 time 31.668030261993408
2760000 time 28.584264993667603
2770000 time 28.33582615852356
2780000 time 26.623870849609375
2790000 time 26.655526161193848
2800000 time 22.85655164718628
2810000 time 20.281683206558228
2820000 time 26.39350414276123
2830000 time 35.0683228969574
2840000 time 28.285788536071777
2850000 time 29.324082374572754
2860000 time 30.644293546676636
2870000 time 32.25300431251526
2880000 time 29.493940830230713
2890000 time 34.378984689712524
2900000 time 28.706583499908447
2910000 time 27.74137568473816
2920000 time 30.213204622268677
2930000 time 29.2502338886261
2940000 time 28.979197025299072
2950000 time 29.041861057281494
2960000 time 29.77308177947998
2970000 time 30.871630668640137
2980000 time 29.492449283599854
2990000 time 28.29431128501892
3000000 time 28.607135772705078
3010000 time 26.672980785369873
3020000 time 29.753151893615723
3030000 time 26.741069793701172
3040000 time 29.270041942596436
3050000 time 30.145105600357056
3060000 time 28.340400218963623
3070000 time 28.46598172187805
3080000 time 29.067155122756958
3090000 time 28.03048801422119
3100000 time 29.401445150375366
3110000 time 28.748800039291382
3120000 time 27.577298641204834
3130000 time 28.621152877807617
3140000 time 29.75871992111206
3150000 time 30.032862424850464
3160000 time 31.333685398101807
3170000 time 34.135735511779785
3180000 time 30.94324040412903
3190000 time 28.43285870552063
3200000 time 30.041134357452393
3210000 time 28.323157787322998
3220000 time 31.87207007408142
3230000 time 29.441720247268677
3240000 time 27.93747878074646
3250000 time 27.844053506851196
3260000 time 27.840303659439087
3270000 time 29.407860040664673
3280000 time 27.81567144393921
3290000 time 29.738759756088257
3300000 time 30.270282983779907
3310000 time 30.549944639205933
3320000 time 28.93656873703003
3330000 time 31.23324227333069
3340000 time 28.86559295654297
3350000 time 33.71770215034485
3360000 time 29.565267324447632
3370000 time 29.745902061462402
3380000 time 31.207194566726685
3390000 time 34.0890679359436
3400000 time 28.871081352233887
3410000 time 29.617557525634766
3420000 time 29.748390197753906
3430000 time 31.26624870300293
3440000 time 30.171865224838257
3450000 time 30.688510417938232
3460000 time 36.190377950668335
3470000 time 32.862449169158936
3480000 time 28.62030577659607
3490000 time 28.169302940368652
3500000 time 29.07753562927246
3510000 time 28.86779475212097
3520000 time 29.099172115325928
3530000 time 28.554091215133667
3540000 time 28.347909927368164
3550000 time 29.223942279815674
3560000 time 29.7109854221344
3570000 time 29.357319593429565
3580000 time 28.01160478591919
3590000 time 28.11594247817993
3600000 time 28.923073291778564
3610000 time 27.007644414901733
3620000 time 28.150441646575928
3630000 time 28.39496636390686
3640000 time 28.808466911315918
3650000 time 29.73164677619934
3660000 time 29.06873083114624
3670000 time 27.103395700454712
3680000 time 27.668299674987793
3690000 time 27.458922624588013
3700000 time 27.031408071517944
3710000 time 28.717462062835693
3720000 time 31.430558443069458
3730000 time 25.820374727249146
3740000 time 26.082349061965942
3750000 time 27.423699855804443
3760000 time 27.78597402572632
3770000 time 28.76903486251831
3780000 time 29.165600061416626
3790000 time 28.956942081451416
3800000 time 28.534719467163086
3810000 time 27.62307047843933
3820000 time 27.311869144439697
3830000 time 27.965242385864258
3840000 time 29.548123598098755
3850000 time 28.66105628013611
3860000 time 27.955882787704468
3870000 time 29.729273557662964
3880000 time 29.06132698059082
3890000 time 27.930527448654175
3900000 time 26.343278169631958
3910000 time 26.021400213241577
3920000 time 25.280792951583862
3930000 time 25.111267566680908
3940000 time 25.54775881767273
3950000 time 28.233944416046143
3960000 time 27.97940421104431
3970000 time 28.329904079437256
3980000 time 27.812559604644775
3990000 time 26.54397177696228
4000000 time 27.069602251052856
4010000 time 30.53641700744629
4020000 time 28.419870376586914
4030000 time 27.728144645690918
4040000 time 27.01228928565979
4050000 time 29.00703763961792
4060000 time 30.780712127685547
4070000 time 26.914918899536133
4080000 time 28.355573177337646
4090000 time 24.068626165390015
4100000 time 26.379978895187378
4110000 time 28.565093517303467
4120000 time 29.374228715896606
4130000 time 26.251861810684204
4140000 time 25.07956576347351
4150000 time 27.740650415420532
4160000 time 30.869389533996582
4170000 time 26.29579520225525
4180000 time 28.36018443107605
4190000 time 28.767812728881836
4200000 time 29.569599390029907
4210000 time 26.879197120666504
4220000 time 25.944358825683594
4230000 time 27.81307625770569
4240000 time 29.287646532058716
4250000 time 27.608744144439697
4260000 time 28.383672952651978
4270000 time 28.25048565864563
4280000 time 27.771281957626343
4290000 time 26.273786783218384
4300000 time 27.88554358482361
4310000 time 28.96732497215271
4320000 time 28.99132800102234
4330000 time 26.30446147918701
4340000 time 28.933892726898193
4350000 time 28.206223964691162
4360000 time 28.41683340072632
4370000 time 32.329578161239624
4380000 time 29.62065362930298
4390000 time 26.814676761627197
4400000 time 26.275699377059937
4410000 time 30.016807317733765
4420000 time 29.279956102371216
4430000 time 26.506911754608154
4440000 time 26.6307270526886
4450000 time 27.10240912437439
4460000 time 26.216449737548828
4470000 time 27.43948197364807
4480000 time 27.79084849357605
4490000 time 28.344911813735962
4500000 time 32.06689810752869
4510000 time 29.972299337387085
4520000 time 28.582725048065186
4530000 time 27.868855953216553
4540000 time 27.068161725997925
4550000 time 27.49023723602295
4560000 time 31.291223764419556
4570000 time 27.270485639572144
4580000 time 29.555288553237915
4590000 time 34.641809940338135
4600000 time 29.11030149459839
4610000 time 26.924878358840942
4620000 time 28.22541069984436
4630000 time 25.019351720809937
4640000 time 24.67093563079834
Finished counter at 4642915
10000 time 144.50537419319153
20000 time 125.74789237976074
30000 time 102.76003646850586
40000 time 91.78415322303772
50000 time 67.60362577438354
60000 time 40.81256079673767
70000 time 34.6401801109314
80000 time 33.1441285610199
90000 time 75.28280258178711
100000 time 85.56987380981445
110000 time 76.25387716293335
120000 time 72.68796992301941
130000 time 69.13356113433838
140000 time 72.83665728569031
150000 time 64.99655437469482
160000 time 68.15055966377258
170000 time 61.90248513221741
180000 time 60.96240758895874
190000 time 54.52594828605652
200000 time 54.01751112937927
210000 time 56.270084619522095
220000 time 56.44335103034973
230000 time 52.8602876663208
240000 time 52.695839166641235
250000 time 53.57855224609375
260000 time 54.10022854804993
270000 time 52.17862558364868
280000 time 53.0199294090271
290000 time 48.241159439086914
300000 time 47.215789556503296
310000 time 46.83859157562256
320000 time 49.69835186004639
330000 time 46.0441997051239
340000 time 44.22577786445618
350000 time 46.15961980819702
360000 time 44.3887996673584
370000 time 42.25243854522705
380000 time 43.73960566520691
390000 time 44.930153369903564
400000 time 42.39693260192871
410000 time 42.88688087463379
420000 time 42.51243472099304
430000 time 42.09002757072449
440000 time 43.31642508506775
450000 time 41.75574731826782
460000 time 41.77389621734619
470000 time 40.93950653076172
480000 time 40.67666435241699
490000 time 39.92425560951233
500000 time 40.40802717208862
510000 time 41.29811501502991
520000 time 41.39704155921936
530000 time 39.90470242500305
540000 time 39.44622802734375
550000 time 38.75639843940735
560000 time 38.224518060684204
570000 time 38.04444336891174
580000 time 37.37591528892517
590000 time 37.29043912887573
600000 time 37.584876537323
610000 time 36.560691595077515
620000 time 37.237635374069214
630000 time 35.55755376815796
640000 time 35.53236365318298
650000 time 36.08112716674805
660000 time 35.63040018081665
670000 time 33.379536390304565
680000 time 33.87541151046753
690000 time 34.12371277809143
700000 time 33.64690685272217
710000 time 35.01474118232727
720000 time 34.91942381858826
730000 time 33.720346212387085
740000 time 36.822012424468994
750000 time 36.00438356399536
760000 time 34.51646614074707
770000 time 33.501606464385986
780000 time 35.10216164588928
790000 time 32.90355181694031
800000 time 33.54326248168945
810000 time 33.73000931739807
820000 time 33.74735403060913
830000 time 34.04591417312622
840000 time 34.523916721343994
850000 time 32.396002769470215
860000 time 32.887929916381836
870000 time 32.17460322380066
880000 time 32.172197103500366
890000 time 31.7055606842041
900000 time 32.7030246257782
910000 time 32.8598313331604
920000 time 32.05474328994751
930000 time 32.95392870903015
940000 time 30.981501817703247
950000 time 34.22927641868591
960000 time 32.547436475753784
970000 time 31.61346435546875
980000 time 31.020492553710938
990000 time 32.08280396461487
1000000 time 31.323193550109863
1010000 time 31.665878534317017
1020000 time 29.182161331176758
1030000 time 29.079752206802368
1040000 time 27.6692898273468
1050000 time 31.972170114517212
1060000 time 30.508975744247437
1070000 time 29.767325162887573
1080000 time 29.296483278274536
1090000 time 29.282830715179443
1100000 time 30.99786639213562
1110000 time 27.929142713546753
1120000 time 28.604634523391724
1130000 time 27.46891450881958
1140000 time 27.29283332824707
1150000 time 29.647626399993896
1160000 time 30.553773641586304
1170000 time 28.360729217529297
1180000 time 31.900243043899536
1190000 time 28.433045387268066
1200000 time 28.584222555160522
1210000 time 29.291078567504883
1220000 time 28.99695324897766
1230000 time 28.402111053466797
1240000 time 27.305248498916626
1250000 time 30.910470724105835
1260000 time 29.15103268623352
1270000 time 29.596283197402954
1280000 time 29.806127309799194
1290000 time 29.358312368392944
1300000 time 29.505561113357544
1310000 time 29.61189603805542
1320000 time 31.302714586257935
1330000 time 30.172176599502563
1340000 time 29.32327437400818
1350000 time 28.148273706436157
1360000 time 30.46125292778015
1370000 time 29.00135350227356
1380000 time 29.208240270614624
1390000 time 27.63487434387207
1400000 time 29.35622787475586
1410000 time 30.008867502212524
1420000 time 28.651214122772217
1430000 time 28.56461501121521
1440000 time 28.663320541381836
1450000 time 28.802041053771973
1460000 time 29.240633010864258
1470000 time 30.410013437271118
1480000 time 31.473920345306396
1490000 time 29.9789617061615
1500000 time 28.965184688568115
1510000 time 29.31693172454834
1520000 time 27.97304940223694
1530000 time 24.88575839996338
1540000 time 29.62895154953003
1550000 time 29.270713090896606
1560000 time 28.018280029296875
1570000 time 28.18484878540039
1580000 time 26.47689700126648
1590000 time 25.81943106651306
1600000 time 21.268593788146973
1610000 time 23.879841327667236
1620000 time 26.212810754776
1630000 time 26.70032048225403
1640000 time 26.595765590667725
1650000 time 28.708861827850342
1660000 time 27.698368549346924
1670000 time 29.769134521484375
1680000 time 26.70981240272522
1690000 time 27.599218368530273
1700000 time 29.446657180786133
1710000 time 26.17322015762329
1720000 time 27.94610285758972
1730000 time 28.298844814300537
1740000 time 27.79054617881775
1750000 time 30.5448637008667
1760000 time 30.100740432739258
1770000 time 26.529188632965088
1780000 time 26.90037226676941
1790000 time 25.65611171722412
1800000 time 28.620556592941284
1810000 time 27.56745457649231
1820000 time 27.485702514648438
1830000 time 27.82088041305542
1840000 time 27.86404538154602
1850000 time 28.461824893951416
1860000 time 31.671619415283203
1870000 time 27.440038442611694
1880000 time 29.238364219665527
1890000 time 32.44515419006348
1900000 time 33.462711572647095
1910000 time 28.839275360107422
1920000 time 26.705883502960205
1930000 time 28.13755178451538
1940000 time 27.179107189178467
1950000 time 27.110156774520874
1960000 time 27.11491823196411
1970000 time 26.58033037185669
1980000 time 27.678339958190918
1990000 time 27.60904312133789
2000000 time 26.517674684524536
2010000 time 29.95631241798401
2020000 time 28.290884256362915
2030000 time 25.776079177856445
2040000 time 28.75967764854431
2050000 time 24.78965139389038
2060000 time 26.942497730255127
2070000 time 36.74250912666321
2080000 time 29.92223310470581
2090000 time 30.309881448745728
2100000 time 28.74634552001953
2110000 time 29.829464435577393
2120000 time 31.3926739692688
2130000 time 28.70824360847473
2140000 time 27.014551162719727
2150000 time 26.988115549087524
2160000 time 26.869977474212646
2170000 time 28.308098316192627
2180000 time 28.665582180023193
2190000 time 27.963244438171387
2200000 time 29.683250427246094
2210000 time 29.12274479866028
2220000 time 28.075483798980713
2230000 time 28.281100034713745
2240000 time 26.070594310760498
2250000 time 22.644591331481934
2260000 time 25.762969970703125
2270000 time 21.72537112236023
2280000 time 23.18023443222046
2290000 time 26.545939207077026
2300000 time 29.44345450401306
2310000 time 27.799124240875244
2320000 time 27.999139070510864
2330000 time 30.886916637420654
2340000 time 26.836198329925537
2350000 time 27.450554370880127
2360000 time 30.13232731819153
2370000 time 31.405252695083618
2380000 time 33.873870849609375
2390000 time 28.349438190460205
2400000 time 26.181907892227173
2410000 time 28.506250381469727
2420000 time 28.32737922668457
2430000 time 25.934088706970215
2440000 time 22.910720109939575
2450000 time 30.264753818511963
2460000 time 29.30623459815979
2470000 time 28.152249574661255
2480000 time 27.13847541809082
2490000 time 27.528391122817993
2500000 time 27.492600440979004
2510000 time 27.92248272895813
2520000 time 31.720759868621826
2530000 time 26.56877851486206
2540000 time 27.723491668701172
2550000 time 30.587870836257935
2560000 time 28.361730813980103
2570000 time 26.551247358322144
2580000 time 26.446702480316162
2590000 time 27.329399585723877
2600000 time 29.097915649414062
2610000 time 27.69583034515381
2620000 time 26.553935527801514
2630000 time 24.776153802871704
2640000 time 27.192220449447632
2650000 time 27.96462392807007
2660000 time 29.426438808441162
2670000 time 29.837281465530396
2680000 time 30.024977922439575
2690000 time 28.913878679275513
2700000 time 28.458779096603394
2710000 time 27.888267755508423
2720000 time 26.577595710754395
2730000 time 26.561710596084595
2740000 time 30.1932852268219
2750000 time 31.714420557022095
2760000 time 28.742796659469604
2770000 time 28.36647891998291
2780000 time 26.87768006324768
2790000 time 26.522735118865967
2800000 time 23.367531061172485
2810000 time 20.061338663101196
2820000 time 26.677699089050293
2830000 time 35.08255577087402
2840000 time 28.333342790603638
2850000 time 29.707074880599976
2860000 time 34.279460191726685
2870000 time 28.7413969039917
2880000 time 29.504443168640137
2890000 time 34.30242872238159
2900000 time 28.879778623580933
2910000 time 27.733702659606934
2920000 time 30.651140928268433
2930000 time 29.251331090927124
2940000 time 29.021323680877686
2950000 time 28.855735540390015
2960000 time 30.017126083374023
2970000 time 30.887275218963623
2980000 time 29.435357093811035
2990000 time 28.29248833656311
3000000 time 28.68161678314209
3010000 time 26.633455276489258
3020000 time 29.0000262260437
3030000 time 26.869542121887207
3040000 time 29.382161617279053
3050000 time 30.15710687637329
3060000 time 28.317991733551025
3070000 time 28.55413031578064
3080000 time 29.207393646240234
3090000 time 27.99776864051819
3100000 time 29.533826112747192
3110000 time 28.884485006332397
3120000 time 27.350828647613525
3130000 time 28.845250129699707
3140000 time 29.89826989173889
3150000 time 30.14429807662964
3160000 time 28.99807095527649
3170000 time 29.50050449371338
3180000 time 28.978910207748413
3190000 time 28.55837059020996
3200000 time 30.058980464935303
3210000 time 28.673486709594727
3220000 time 31.399624586105347
3230000 time 29.945784091949463
3240000 time 27.947017908096313
3250000 time 27.984790086746216
3260000 time 27.9273784160614
3270000 time 29.151134729385376
3280000 time 28.02156710624695
3290000 time 30.069679260253906
3300000 time 30.056150913238525
3310000 time 30.501562356948853
3320000 time 28.805320978164673
3330000 time 31.86888599395752
3340000 time 28.996386766433716
3350000 time 33.95934224128723
3360000 time 29.419806241989136
3370000 time 29.929672956466675
3380000 time 31.32380747795105
3390000 time 31.78217649459839
3400000 time 29.079119443893433
3410000 time 29.354820013046265
3420000 time 29.5680992603302
3430000 time 31.561676502227783
3440000 time 30.588687658309937
3450000 time 30.74856734275818
3460000 time 40.85231351852417
3470000 time 28.728477478027344
3480000 time 28.60713815689087
3490000 time 28.38512086868286
3500000 time 29.45756483078003
3510000 time 29.090331077575684
3520000 time 28.677972316741943
3530000 time 28.634203910827637
3540000 time 28.673471450805664
3550000 time 29.44898247718811
3560000 time 30.039016485214233
3570000 time 29.09802007675171
3580000 time 28.450374603271484
3590000 time 28.300881385803223
3600000 time 29.31174063682556
3610000 time 27.18980574607849
3620000 time 28.186544179916382
3630000 time 28.435985803604126
3640000 time 29.143585681915283
3650000 time 30.076191425323486
3660000 time 29.249143362045288
3670000 time 27.237960815429688
3680000 time 27.786677598953247
3690000 time 27.57219362258911
3700000 time 27.24109435081482
3710000 time 28.993039846420288
3720000 time 31.267685890197754
3730000 time 25.686721086502075
3740000 time 26.179964780807495
3750000 time 27.473034381866455
3760000 time 28.20732021331787
3770000 time 28.84566879272461
3780000 time 28.9047212600708
3790000 time 28.85781168937683
3800000 time 28.53574824333191
3810000 time 27.785438537597656
3820000 time 27.640784978866577
3830000 time 27.7415292263031
3840000 time 29.290953159332275
3850000 time 28.939263820648193
3860000 time 28.05073571205139
3870000 time 29.967859029769897
3880000 time 29.032544136047363
3890000 time 27.51199722290039
3900000 time 26.584301710128784
3910000 time 25.862818717956543
3920000 time 25.407663345336914
3930000 time 24.934396743774414
3940000 time 25.47593331336975
3950000 time 28.282621383666992
3960000 time 28.18716788291931
3970000 time 28.24247908592224
3980000 time 27.986648559570312
3990000 time 26.31368923187256
4000000 time 26.982686758041382
4010000 time 30.58844256401062
4020000 time 28.132291555404663
4030000 time 27.77875852584839
4040000 time 27.30497169494629
4050000 time 28.51724362373352
4060000 time 30.852375745773315
4070000 time 26.66957378387451
4080000 time 28.558696269989014
4090000 time 23.91673445701599
4100000 time 26.319737434387207
4110000 time 28.566617727279663
4120000 time 29.719488382339478
4130000 time 26.057485342025757
4140000 time 25.466554403305054
4150000 time 27.434096574783325
4160000 time 30.543684244155884
4170000 time 26.545292377471924
4180000 time 28.02014970779419
4190000 time 28.80637001991272
4200000 time 29.710684061050415
4210000 time 26.783053398132324
4220000 time 26.354432821273804
4230000 time 27.679333448410034
4240000 time 29.275328874588013
4250000 time 27.772290468215942
4260000 time 28.394044160842896
4270000 time 27.91524648666382
4280000 time 28.268551349639893
4290000 time 26.237731218338013
4300000 time 28.05698561668396
4310000 time 29.239824771881104
4320000 time 29.042676210403442
4330000 time 26.528754472732544
4340000 time 29.291850805282593
4350000 time 28.449753284454346
4360000 time 28.623300075531006
4370000 time 33.1926805973053
4380000 time 29.57638454437256
4390000 time 27.17726993560791
4400000 time 26.49162530899048
4410000 time 30.413872718811035
4420000 time 29.376452922821045
4430000 time 26.507816553115845
4440000 time 26.90768527984619
4450000 time 26.99336576461792
4460000 time 26.381616592407227
4470000 time 27.608237981796265
4480000 time 27.785372972488403
4490000 time 28.560989379882812
4500000 time 32.120781660079956
4510000 time 29.909055948257446
4520000 time 28.505062580108643
4530000 time 27.858644008636475
4540000 time 26.826480627059937
4550000 time 27.77330470085144
4560000 time 31.197219848632812
4570000 time 27.11399817466736
4580000 time 29.590782165527344
4590000 time 34.36465811729431
4600000 time 29.008064031600952
4610000 time 27.209455251693726
4620000 time 28.275269269943237
4630000 time 25.005921125411987
4640000 time 24.37695074081421
Finished counter at 4642915
Saving model as big_doc2vec.model
Model saved
