loading data/id_attrib_dict_1...
loading data/id_attrib_dict_2...
loading data/id_attrib_dict_3...
loading data/id_attrib_dict_4...
loading data/id_attrib_dict_5...
loading data/id_attrib_dict_6...
loading data/id_attrib_dict_7...
loading data/id_attrib_dict_8...
loading data/id_attrib_dict_9...
loading data/id_attrib_dict_10...
Jesus Volkswagen
Jesus --> John Shelby Spong --> Paul Tillich --> Germany --> Volkswagen
Total checked: 990
Toothpaste William Shakespeare
Toothpaste --> New York City --> Susan Sontag --> William Shakespeare
Total checked: 250
Puppy Racism
Puppy --> Fluke (band) --> Music --> Culture --> Racism
Total checked: 542
Pants Shirt
Pants --> Clothing --> Shirt
Total checked: 27
Elmo Teletubbies
loading data/id_attrib_dict_1...
loading data/id_attrib_dict_2...
loading data/id_attrib_dict_3...
loading data/id_attrib_dict_4...
loading data/id_attrib_dict_5...
loading data/id_attrib_dict_6...
loading data/id_attrib_dict_7...
loading data/id_attrib_dict_8...
loading data/id_attrib_dict_9...
loading data/id_attrib_dict_10...
Apple pie Rock (geology)
Apple pie --> Atlantic Ocean --> Sedimentary rock --> Rock (geology)
Total checked: 98
Here There
Here --> That --> Grammar --> List of frequently misused English words --> List of commonly confused homonyms --> There
Total checked: 6158
Oboe Veto
Oboe --> United States --> Legislature --> Legislation --> Veto
Total checked: 592
Satyr Wombat
Satyr --> Sheep --> Mammal --> Marsupial --> Wombat
Total checked: 635
Locust Bicycle
Locust --> Scorpion --> New Zealand --> Cycling --> Bicycle
Total checked: 1272
